This is pdfTeX, Version 3.141592653-2.6-1.40.26 (TeX Live 2024/nixos.org) (preloaded format=pdflatex 1980.1.1)  30 MAY 2025 00:26
entering extended mode
 restricted \write18 enabled.
 %&-line parsing enabled.
**report.tex
(./report.tex
LaTeX2e <2024-11-01> patch level 2
L3 programming layer <2025-01-18>

(/nix/store/mq10vymgzwfnbv9m9r8n2a9l6ip0wjx7-texlive-2024-env-texmfdist/tex/lat
ex/base/article.cls
Document Class: article 2024/06/29 v1.4n Standard LaTeX document class

(/nix/store/mq10vymgzwfnbv9m9r8n2a9l6ip0wjx7-texlive-2024-env-texmfdist/tex/lat
ex/base/size10.clo
File: size10.clo 2024/06/29 v1.4n Standard LaTeX file (size option)
)
\c@part=\count196
\c@section=\count197
\c@subsection=\count198
\c@subsubsection=\count199
\c@paragraph=\count266
\c@subparagraph=\count267
\c@figure=\count268
\c@table=\count269
\abovecaptionskip=\skip49
\belowcaptionskip=\skip50
\bibindent=\dimen141
)
(/nix/store/mq10vymgzwfnbv9m9r8n2a9l6ip0wjx7-texlive-2024-env-texmfdist/tex/lat
ex/graphics/graphicx.sty
Package: graphicx 2021/09/16 v1.2d Enhanced LaTeX Graphics (DPC,SPQR)

(/nix/store/mq10vymgzwfnbv9m9r8n2a9l6ip0wjx7-texlive-2024-env-texmfdist/tex/lat
ex/graphics/keyval.sty
Package: keyval 2022/05/29 v1.15 key=value parser (DPC)
\KV@toks@=\toks17
)
(/nix/store/mq10vymgzwfnbv9m9r8n2a9l6ip0wjx7-texlive-2024-env-texmfdist/tex/lat
ex/graphics/graphics.sty
Package: graphics 2024/08/06 v1.4g Standard LaTeX Graphics (DPC,SPQR)

(/nix/store/mq10vymgzwfnbv9m9r8n2a9l6ip0wjx7-texlive-2024-env-texmfdist/tex/lat
ex/graphics/trig.sty
Package: trig 2023/12/02 v1.11 sin cos tan (DPC)
)
(/nix/store/mq10vymgzwfnbv9m9r8n2a9l6ip0wjx7-texlive-2024-env-texmfdist/tex/lat
ex/graphics-cfg/graphics.cfg
File: graphics.cfg 2016/06/04 v1.11 sample graphics configuration
)
Package graphics Info: Driver file: pdftex.def on input line 106.

(/nix/store/mq10vymgzwfnbv9m9r8n2a9l6ip0wjx7-texlive-2024-env-texmfdist/tex/lat
ex/graphics-def/pdftex.def
File: pdftex.def 2024/04/13 v1.2c Graphics/color driver for pdftex
))
\Gin@req@height=\dimen142
\Gin@req@width=\dimen143
) (./twocolceurws.sty
Document Style Option 'twocolceurws'.
\@maxsep=\dimen144
\@dblmaxsep=\dimen145
)
(/nix/store/mq10vymgzwfnbv9m9r8n2a9l6ip0wjx7-texlive-2024-env-texmfdist/tex/lat
ex/tools/tabularx.sty
Package: tabularx 2023/12/11 v2.12a `tabularx' package (DPC)

(/nix/store/mq10vymgzwfnbv9m9r8n2a9l6ip0wjx7-texlive-2024-env-texmfdist/tex/lat
ex/tools/array.sty
Package: array 2024/10/17 v2.6g Tabular extension package (FMi)
\col@sep=\dimen146
\ar@mcellbox=\box52
\extrarowheight=\dimen147
\NC@list=\toks18
\extratabsurround=\skip51
\backup@length=\skip52
\ar@cellbox=\box53
)
\TX@col@width=\dimen148
\TX@old@table=\dimen149
\TX@old@col=\dimen150
\TX@target=\dimen151
\TX@delta=\dimen152
\TX@cols=\count270
\TX@ftn=\toks19
)
(/nix/store/mq10vymgzwfnbv9m9r8n2a9l6ip0wjx7-texlive-2024-env-texmfdist/tex/lat
ex/ragged2e/ragged2e.sty
Package: ragged2e 2023/06/22 v3.6 ragged2e Package
\CenteringLeftskip=\skip53
\RaggedLeftLeftskip=\skip54
\RaggedRightLeftskip=\skip55
\CenteringRightskip=\skip56
\RaggedLeftRightskip=\skip57
\RaggedRightRightskip=\skip58
\CenteringParfillskip=\skip59
\RaggedLeftParfillskip=\skip60
\RaggedRightParfillskip=\skip61
\JustifyingParfillskip=\skip62
\CenteringParindent=\skip63
\RaggedLeftParindent=\skip64
\RaggedRightParindent=\skip65
\JustifyingParindent=\skip66
)
(/nix/store/mq10vymgzwfnbv9m9r8n2a9l6ip0wjx7-texlive-2024-env-texmfdist/tex/lat
ex/booktabs/booktabs.sty
Package: booktabs 2020/01/12 v1.61803398 Publication quality tables
\heavyrulewidth=\dimen153
\lightrulewidth=\dimen154
\cmidrulewidth=\dimen155
\belowrulesep=\dimen156
\belowbottomsep=\dimen157
\aboverulesep=\dimen158
\abovetopsep=\dimen159
\cmidrulesep=\dimen160
\cmidrulekern=\dimen161
\defaultaddspace=\dimen162
\@cmidla=\count271
\@cmidlb=\count272
\@aboverulesep=\dimen163
\@belowrulesep=\dimen164
\@thisruleclass=\count273
\@lastruleclass=\count274
\@thisrulewidth=\dimen165
)
(/nix/store/mq10vymgzwfnbv9m9r8n2a9l6ip0wjx7-texlive-2024-env-texmfdist/tex/lat
ex/amsmath/amsmath.sty
Package: amsmath 2024/11/05 v2.17t AMS math features
\@mathmargin=\skip67

For additional information on amsmath, use the `?' option.

(/nix/store/mq10vymgzwfnbv9m9r8n2a9l6ip0wjx7-texlive-2024-env-texmfdist/tex/lat
ex/amsmath/amstext.sty
Package: amstext 2021/08/26 v2.01 AMS text

(/nix/store/mq10vymgzwfnbv9m9r8n2a9l6ip0wjx7-texlive-2024-env-texmfdist/tex/lat
ex/amsmath/amsgen.sty
File: amsgen.sty 1999/11/30 v2.0 generic functions
\@emptytoks=\toks20
\ex@=\dimen166
))
(/nix/store/mq10vymgzwfnbv9m9r8n2a9l6ip0wjx7-texlive-2024-env-texmfdist/tex/lat
ex/amsmath/amsbsy.sty
Package: amsbsy 1999/11/29 v1.2d Bold Symbols
\pmbraise@=\dimen167
)
(/nix/store/mq10vymgzwfnbv9m9r8n2a9l6ip0wjx7-texlive-2024-env-texmfdist/tex/lat
ex/amsmath/amsopn.sty
Package: amsopn 2022/04/08 v2.04 operator names
)
\inf@bad=\count275
LaTeX Info: Redefining \frac on input line 233.
\uproot@=\count276
\leftroot@=\count277
LaTeX Info: Redefining \overline on input line 398.
LaTeX Info: Redefining \colon on input line 409.
\classnum@=\count278
\DOTSCASE@=\count279
LaTeX Info: Redefining \ldots on input line 495.
LaTeX Info: Redefining \dots on input line 498.
LaTeX Info: Redefining \cdots on input line 619.
\Mathstrutbox@=\box54
\strutbox@=\box55
LaTeX Info: Redefining \big on input line 721.
LaTeX Info: Redefining \Big on input line 722.
LaTeX Info: Redefining \bigg on input line 723.
LaTeX Info: Redefining \Bigg on input line 724.
\big@size=\dimen168
LaTeX Font Info:    Redeclaring font encoding OML on input line 742.
LaTeX Font Info:    Redeclaring font encoding OMS on input line 743.
\macc@depth=\count280
LaTeX Info: Redefining \bmod on input line 904.
LaTeX Info: Redefining \pmod on input line 909.
LaTeX Info: Redefining \smash on input line 939.
LaTeX Info: Redefining \relbar on input line 969.
LaTeX Info: Redefining \Relbar on input line 970.
\c@MaxMatrixCols=\count281
\dotsspace@=\muskip17
\c@parentequation=\count282
\dspbrk@lvl=\count283
\tag@help=\toks21
\row@=\count284
\column@=\count285
\maxfields@=\count286
\andhelp@=\toks22
\eqnshift@=\dimen169
\alignsep@=\dimen170
\tagshift@=\dimen171
\tagwidth@=\dimen172
\totwidth@=\dimen173
\lineht@=\dimen174
\@envbody=\toks23
\multlinegap=\skip68
\multlinetaggap=\skip69
\mathdisplay@stack=\toks24
LaTeX Info: Redefining \[ on input line 2953.
LaTeX Info: Redefining \] on input line 2954.
)
(/nix/store/mq10vymgzwfnbv9m9r8n2a9l6ip0wjx7-texlive-2024-env-texmfdist/tex/lat
ex/l3backend/l3backend-pdftex.def
File: l3backend-pdftex.def 2024-05-08 L3 backend support: PDF output (pdfTeX)
\l__color_backend_stack_int=\count287
\l__pdf_internal_box=\box56
) (./report.aux)
\openout1 = `report.aux'.

LaTeX Font Info:    Checking defaults for OML/cmm/m/it on input line 22.
LaTeX Font Info:    ... okay on input line 22.
LaTeX Font Info:    Checking defaults for OMS/cmsy/m/n on input line 22.
LaTeX Font Info:    ... okay on input line 22.
LaTeX Font Info:    Checking defaults for OT1/cmr/m/n on input line 22.
LaTeX Font Info:    ... okay on input line 22.
LaTeX Font Info:    Checking defaults for T1/cmr/m/n on input line 22.
LaTeX Font Info:    ... okay on input line 22.
LaTeX Font Info:    Checking defaults for TS1/cmr/m/n on input line 22.
LaTeX Font Info:    ... okay on input line 22.
LaTeX Font Info:    Checking defaults for OMX/cmex/m/n on input line 22.
LaTeX Font Info:    ... okay on input line 22.
LaTeX Font Info:    Checking defaults for U/cmr/m/n on input line 22.
LaTeX Font Info:    ... okay on input line 22.

(/nix/store/mq10vymgzwfnbv9m9r8n2a9l6ip0wjx7-texlive-2024-env-texmfdist/tex/con
text/base/mkii/supp-pdf.mkii
[Loading MPS to PDF converter (version 2006.09.02).]
\scratchcounter=\count288
\scratchdimen=\dimen175
\scratchbox=\box57
\nofMPsegments=\count289
\nofMParguments=\count290
\everyMPshowfont=\toks25
\MPscratchCnt=\count291
\MPscratchDim=\dimen176
\MPnumerator=\count292
\makeMPintoPDFobject=\count293
\everyMPtoPDFconversion=\toks26
)
(/nix/store/mq10vymgzwfnbv9m9r8n2a9l6ip0wjx7-texlive-2024-env-texmfdist/tex/lat
ex/epstopdf-pkg/epstopdf-base.sty
Package: epstopdf-base 2020-01-24 v2.11 Base part for package epstopdf

(/nix/store/mq10vymgzwfnbv9m9r8n2a9l6ip0wjx7-texlive-2024-env-texmfdist/tex/gen
eric/infwarerr/infwarerr.sty
Package: infwarerr 2019/12/03 v1.5 Providing info/warning/error messages (HO)
)
(/nix/store/mq10vymgzwfnbv9m9r8n2a9l6ip0wjx7-texlive-2024-env-texmfdist/tex/lat
ex/grfext/grfext.sty
Package: grfext 2019/12/03 v1.3 Manage graphics extensions (HO)

(/nix/store/mq10vymgzwfnbv9m9r8n2a9l6ip0wjx7-texlive-2024-env-texmfdist/tex/gen
eric/kvdefinekeys/kvdefinekeys.sty
Package: kvdefinekeys 2019-12-19 v1.6 Define keys (HO)
))
(/nix/store/mq10vymgzwfnbv9m9r8n2a9l6ip0wjx7-texlive-2024-env-texmfdist/tex/lat
ex/kvoptions/kvoptions.sty
Package: kvoptions 2022-06-15 v3.15 Key value format for package options (HO)

(/nix/store/mq10vymgzwfnbv9m9r8n2a9l6ip0wjx7-texlive-2024-env-texmfdist/tex/gen
eric/ltxcmds/ltxcmds.sty
Package: ltxcmds 2023-12-04 v1.26 LaTeX kernel commands for general use (HO)
)
(/nix/store/mq10vymgzwfnbv9m9r8n2a9l6ip0wjx7-texlive-2024-env-texmfdist/tex/lat
ex/kvsetkeys/kvsetkeys.sty
Package: kvsetkeys 2022-10-05 v1.19 Key value parser (HO)
))
(/nix/store/mq10vymgzwfnbv9m9r8n2a9l6ip0wjx7-texlive-2024-env-texmfdist/tex/gen
eric/pdftexcmds/pdftexcmds.sty
Package: pdftexcmds 2020-06-27 v0.33 Utility functions of pdfTeX for LuaTeX (HO
)

(/nix/store/mq10vymgzwfnbv9m9r8n2a9l6ip0wjx7-texlive-2024-env-texmfdist/tex/gen
eric/iftex/iftex.sty
Package: iftex 2024/12/12 v1.0g TeX engine tests
)
Package pdftexcmds Info: \pdf@primitive is available.
Package pdftexcmds Info: \pdf@ifprimitive is available.
Package pdftexcmds Info: \pdfdraftmode found.
)
Package epstopdf-base Info: Redefining graphics rule for `.eps' on input line 4
85.
Package grfext Info: Graphics extension search list:
(grfext)             [.pdf,.png,.jpg,.mps,.jpeg,.jbig2,.jb2,.PDF,.PNG,.JPG,.JPE
G,.JBIG2,.JB2,.eps]
(grfext)             \AppendGraphicsExtensions on input line 504.

(/nix/store/mq10vymgzwfnbv9m9r8n2a9l6ip0wjx7-texlive-2024-env-texmfdist/tex/lat
ex/latexconfig/epstopdf-sys.cfg
File: epstopdf-sys.cfg 2010/07/13 v1.3 Configuration of (r)epstopdf for TeX Liv
e
))
Underfull \hbox (badness 1009) in paragraph at lines 26--27
\OT1/cmr/m/n/10 the scal-ing of al-ter-na-tive gen-er-a-tive flows
 []




Underfull \hbox (badness 1308) in paragraph at lines 29--30
\OT1/cmr/bx/n/10 Keywords\OT1/cmr/m/n/10 : Com-puter Vi-sion, Dif-fu-sion Mod-e
ls,
 []


Underfull \hbox (badness 1762) in paragraph at lines 29--30
\OT1/cmr/m/n/10 Image Trans-la-tion, CLIP Con-di-tion-ing, Se-man-tic
 []


Underfull \hbox (badness 1205) in paragraph at lines 34--35
\OT1/cmr/m/n/10 tially de-vel-oped for Nat-u-ral Lan-guage Pro-cess-ing
 []



[1{/nix/store/mdmi3lq496xbfxw7ixvkvv2c3ykdfcjk-texlive-2024-env/share/texmf-var
/fonts/map/pdftex/updmap/pdftex.map}



{/nix/store/mq10vymgzwfnbv9m9r8n2a9l6ip0wjx7-texlive-2024-env-texmfdist/fonts/e
nc/dvips/cm-super/cm-super-ts1.enc}]
Underfull \hbox (badness 1189) in paragraph at lines 42--43
\OT1/cmr/m/n/10 tain-ing per-for-mance. Key ideas in-clude us-
 []




Underfull \hbox (badness 1748) in paragraph at lines 43--44
\OT1/cmr/m/n/10 timesteps. This ap-proach achieves state-of-
 []


Underfull \hbox (badness 2027) in paragraph at lines 48--49
[]\OT1/cmr/bx/n/10 DiT+CLIP (Image-to-Image Trans-la-tion
 []


Underfull \hbox (badness 2856) in paragraph at lines 49--50
\OT1/cmr/bx/n/10 Pose-Guided Text-to-Image Gen-er-a-tion)
 []


Underfull \hbox (badness 1142) in paragraph at lines 50--51
\OT1/cmr/bx/n/10 to Text-to-Image Dif-fu-sion Mod-els) [[]]\OT1/cmr/m/n/10 :
 []


Underfull \hbox (badness 7740) in paragraph at lines 51--52
\OT1/cmr/bx/n/10 based Im-age Gen-er-a-tion from Scene
 []



[2]
Underfull \hbox (badness 1168) in paragraph at lines 56--57
[]\OT1/cmr/bx/n/10 SD4Match (Learn-ing to Prompt Sta-ble
 []


Underfull \hbox (badness 4859) in paragraph at lines 56--57
\OT1/cmr/bx/n/10 Dif-fu-sion for Se-man-tic Match-ing) [[]]\OT1/cmr/m/n/10 :
 []


Underfull \hbox (badness 10000) in paragraph at lines 61--62
[]\OT1/cmr/bx/n/10 Rectified Flow Trans-form-ers (Scal-ing
 []


Underfull \hbox (badness 2376) in paragraph at lines 61--62
\OT1/cmr/bx/n/10 Rec-ti-fied Flow Trans-form-ers for High-
 []


Underfull \hbox (badness 10000) in paragraph at lines 61--62
\OT1/cmr/m/n/10 sam-pling sched-ule em-pha-siz-ing per-cep-tu-ally
 []


Underfull \hbox (badness 3623) in paragraph at lines 61--62
\OT1/cmr/m/n/10 trans-former ar-chi-tec-ture, demon-strat-ing that
 []





[3]



[4]


Underfull \vbox (badness 10000) has occurred while \output is active []



[5]


Underfull \hbox (badness 1824) in paragraph at lines 104--104
[]\OT1/cmr/bx/n/10 Comparative Sum-mary of Dif-fu-sion Trans-
 []


Overfull \hbox (1.08495pt too wide) in paragraph at lines 135--135
[]|\OT1/cmr/m/n/7 PatternGPT|  
 []


LaTeX Warning: Float too large for page by 96.56671pt on input line 136.



[6] [7]



[8]



[9]



[10]


Underfull \hbox (badness 3039) in paragraph at lines 204--207
\OT1/cmr/m/n/10 Con-di-tional Con-trol to Text-to-Image Dif-fu-
 []


Underfull \hbox (badness 3612) in paragraph at lines 204--207
\OT1/cmr/m/n/10 sion Mod-els (Con-trol-Net).  \OT1/cmr/m/it/10 arXiv preprint
 []


Underfull \hbox (badness 1817) in paragraph at lines 209--213
[]\OT1/cmr/m/n/10 X. Li, J. Lu, K. Han, and V. Prisacariu.
 []


Underfull \hbox (badness 1127) in paragraph at lines 215--218
[]\OT1/cmr/m/n/10 R. Sortino, S. Palazzo, and C. Spamp-inato.
 []



[11] (./report.aux)
 ***********
LaTeX2e <2024-11-01> patch level 2
L3 programming layer <2025-01-18>
 ***********
 ) 
Here is how much of TeX's memory you used:
 2929 strings out of 473203
 50345 string characters out of 5692202
 488904 words of memory out of 5000000
 26141 multiletter control sequences out of 15000+600000
 565641 words of font info for 59 fonts, out of 8000000 for 9000
 1141 hyphenation exceptions out of 8191
 59i,16n,67p,2980b,352s stack positions out of 10000i,1000n,20000p,200000b,200000s
</nix/store/mq10vymgzwfnbv9m9r8n2a9l6ip0wjx7-texlive-2024-env-texmfdist/fonts
/type1/public/amsfonts/cm/cmbx10.pfb></nix/store/mq10vymgzwfnbv9m9r8n2a9l6ip0wj
x7-texlive-2024-env-texmfdist/fonts/type1/public/amsfonts/cm/cmbx12.pfb></nix/s
tore/mq10vymgzwfnbv9m9r8n2a9l6ip0wjx7-texlive-2024-env-texmfdist/fonts/type1/pu
blic/amsfonts/cm/cmbx7.pfb></nix/store/mq10vymgzwfnbv9m9r8n2a9l6ip0wjx7-texlive
-2024-env-texmfdist/fonts/type1/public/amsfonts/cm/cmr10.pfb></nix/store/mq10vy
mgzwfnbv9m9r8n2a9l6ip0wjx7-texlive-2024-env-texmfdist/fonts/type1/public/amsfon
ts/cm/cmr12.pfb></nix/store/mq10vymgzwfnbv9m9r8n2a9l6ip0wjx7-texlive-2024-env-t
exmfdist/fonts/type1/public/amsfonts/cm/cmr7.pfb></nix/store/mq10vymgzwfnbv9m9r
8n2a9l6ip0wjx7-texlive-2024-env-texmfdist/fonts/type1/public/amsfonts/cm/cmsy10
.pfb></nix/store/mq10vymgzwfnbv9m9r8n2a9l6ip0wjx7-texlive-2024-env-texmfdist/fo
nts/type1/public/amsfonts/cm/cmsy7.pfb></nix/store/mq10vymgzwfnbv9m9r8n2a9l6ip0
wjx7-texlive-2024-env-texmfdist/fonts/type1/public/amsfonts/cm/cmti10.pfb></nix
/store/mq10vymgzwfnbv9m9r8n2a9l6ip0wjx7-texlive-2024-env-texmfdist/fonts/type1/
public/amsfonts/cm/cmti8.pfb></nix/store/mq10vymgzwfnbv9m9r8n2a9l6ip0wjx7-texli
ve-2024-env-texmfdist/fonts/type1/public/cm-super/sfrm1000.pfb></nix/store/mq10
vymgzwfnbv9m9r8n2a9l6ip0wjx7-texlive-2024-env-texmfdist/fonts/type1/public/cm-s
uper/sfti0800.pfb>
Output written on report.pdf (11 pages, 211773 bytes).
PDF statistics:
 101 PDF objects out of 1000 (max. 8388607)
 63 compressed objects within 1 object stream
 0 named destinations out of 1000 (max. 500000)
 1 words of extra memory for PDF output out of 10000 (max. 10000000)

